500
0 5715 2962 2240 2 935 1668 9968 3894 321 9007 8994 79 2555 7949 5962 2288 7652 7153 3074 5412 3982 3012 8125 6938 427 2643 979 7762 6101 6258 2121 7699 6613 6547 7413 2986 4199 745 2340 7883 4326 1774 6054 9244 6327 9533 7296 8387 1625 7709 2327 3758 3877 5762 4020 9301 3936 7240 259 4314 4901 6584 9129 7880 3830 6827 5307 4855 5748 8005 1984 9842 5869 7120 7438 4340 183 4035 7736 1299 3836 412 352 1534 8293 9848 4985 8711 9545 8722 9930 5880 7732 9270 9199 9075 5437 8130 1343 447 8431 450 8043 1979 3163 8134 5064 148 3885 6538 2666 9834 5677 5340 3521 3543 9139 6030 4352 7285 7429 8406 4909 569 9453 1134 3111 7575 8491 3316 3586 8644 9265 1105 3783 8716 1238 1383 5507 4728 9013 8193 6692 2892 6986 5445 9903 6534 6134 6044 6482 4341 6021 6778 7055 4624 9224 4377 205 3023 1956 9197 2264 1353 2128 1042 8495 5848 8470 6537 2904 6020 780 420 8812 5219 5917 3584 2790 1117 1871 8910 6296 1496 7968 6635 5775 3753 9160 7852 6672 4527 1752 3376 1289 238 7713 732 5099 2422 7219 2615 1429 3371 6467 7864 1125 8830 9299 5458 7997 8671 5248 2437 7001 199 5326 2704 1763 8069 8284 2175 847 1524 8212 6170 2685 6082 4362 4107 9669 4311 8498 7517 2013 2155 6920 625 4027 2630 1454 139 1731 1557 6470 5788 7012 9374 8462 4129 9990 5862 2414 7545 4664 3144 5053 843 1670 5322 838 4679 9659 9461 6049 6458 4958 3728 3379 4531 6153 7782 3261 2182 3032 4824 374 4180 3077 7874 9852 5097 6141 6404 719 4765 7759 8183 5386 7791 1601 9043 925 7179 3602 9138 9443 5643 1058 84 3106 8618 116 9404 5156 4134 9688 1121 9483 7234 76 6014 2662 6978 135 7806 5341 7049 5448 3050 2439 8105 3146 2480 2407 9615 8140 8841 8832 4071 2322 9023 8920
1 79 321 2240 2962 6613 7762 6938 3936 8994 3012 9244 1668 3074 7153 2555 9968 7699 5748 9007 1534 5715 5880 8387 9533 7438 7949 8134 3543 7883 935 8491 745 4035 9848 5762 6547 2 7296 2288 3877 7880 4985 9842 979 1299 6327 412 4352 4176 7133 3830 3103 3376 7732 6538 3894 2340 6134 2155 8116 8431 5869 3783 3584 4326 1429 3982 4855 4314 6258 4170 7992 9199 4664 4340 4199 4901 2114 2349 569 7669 9086 8125 1979 5219 2858 6161 1710 5064 2052 105 3023 6534 6030 6467 4539 2643 7 7575 1348 8470 1216 9075 5783 447 3004 650 7266 9270 8794 6712 3032 7088 1625 4786 9129 9178 6465 6270 9903 2904 952 6611 9139 3521 1984 6545 1375 4377 523 1476 4501 3371 9931 9731 4151 7055 9930 1121 8235 6360 3113 4558 7902 6428 476 1784 5446 311 1149 1560 7267 2630 8343 7751 6187 7795 8396 552 8663 7240 369 7120 3158 3043 4311 5072 477 9615 1134 4400 8212 3432 5412 9107 9224 1571 6967 8227 6281 2943 7193 1256 7456 8248 1358 6458 2136 876 3006 300 7413 8528 9573 5677 647 4222 4660 9349 2158 5507 6778 8487 753 9265 6744 1750 1252 2346 6899 1083 8644 8883 7713 3961 4060 3427 5003 2773 3541 4948 2413 5898 88 8907 1552 7899 2898 9444 3144 625 707 761 8284 5401 7709 6306 5899 259 511 6049 6635 2327 8293 7652 5962
2 6613 9533 7153 3936 9244 1299 9545 2240 79 4314 3012 1105 6101 3894 2288 7949 7429 5445 5848 8043 1145 7204 8209 352 9040 4045 8406 221 9008 8812 8423 7296 2699 5307 5752 7285 2986 4923 3964 3395 2058 574 6621 949 8462 8599 1657 7883 5038 3792 5451 4527 7845 155 541 8068 8062 9465 7355 2611 4286 199 3877 1401 6584 4624 6889 3981 3377 2005 7474 3869 8609 4526 208 4787 1091 3533 2983 8711 6687 5029 6737 3468 1496 9713 200 457 4958 1647 9114 7790 6675 5006 3079 8922 2537 5339 991 2875 951 3700 5458 3944 3285 4760 3751 7085 6014 8685 838 6216 9230 4385 2847 8145 6060 238 2518 2569 1763 2183 3521 4928 468 8121 1904 4801 8896 8580 7029 4765 2304 9615 5359 6608 518 7333 7289 6424 4034 776 2555 427
3 79 6613 9007 427 3936 8125 7699 6547 5412 8994 5880 6021 4531 7713 9990 5340 7709 2240 8716 7105 3232 8332 9955 6827 7630 3914 6327 1546 925 6692 4985 2615 7240 2790 9219 450 6672 1774 3077 6938 4457 7997 712 4234 6178 3240 7710 6067 9347 2704 1105 3304 4399 9968 2192 2475 2666 2263 7206 2595 7519 8958 4345 3827 6054 1383 2533 5295 6986 5821 9404 6482 3561 4027 5064 4463 395 3926 6534 2857 6492 8722 1670 8498 4350 2679 7933 7077 2670 3363 4423 9464 8053 1454 2060 5772 5860 1139 4367 8092 267 8671 2209 5964 5656 4343 6465 2870 2486 5326 8832 250 3630 1328 3784 1246 9933 6141 2260 6550 8696 5341 4561 4093 4079 8484 3104 6095 3119 3089 325 6153 3950 3758 935 9533 2962
4 2240 321 2555 7438 2986 1668 1125 1934 5902 3982 9979 7517 3144 7759 6447 2013 1956 5251 2085 9160 2768 1238 7481 6082 4967 8428 3958 9461 7210 7997 1557 813 1343 6470 5921 3703 8307 2892 9733 7629 5862 1611 148 8512 1799 8910 2673 5014 3509 9014 7787 2735 3507 2288 6258 8104 4180 583 7987 3184 1391 1986 367 7569 246 6922 9120 732 6269 1580 6404 8844 2668 2491 7742 496 188 7586 6778 3331 8439 4828 1066 1728 1984 9551 850 4717 8600 2064 6029 9453 399 7153 4619 3842 5386 5848 4091 4941 6369 2818 4679 133 6347 867 6486 5193 9600 412 7652 427
5 7732 3316 4765 3163 4855 2109 4909 2155 3032 3513 2538 9032 560 4884 2345 7379 979 6676 1117 4168 5483 9215 2100 5887 7486 1790 9224 1025 6630 7044 9354 4004 4988 6698 3207 9510 7992 6855 652 7439 4317 5885 7511 7413 7771 8345 5090 8150 3781 3836 3061 6797 7367 9518 6196 9545 782 8728 1339 8005 5111 4108 7950 205 5492 7694 8797 8174 4886 6771 3932 1504 8269 5553 9036 1105 7361 550 8185 8756 3053 7053 6170 3731 4340 2650 3750 3905 108 6351 9822 5997 1042 2019 443 8130 427
6 2426 9023 9677 4824 4437 1831 4377 3752 6982 5239 4176 5838 2732 1638 6875 4626 3877 6332 6528 7026 177 1822 557 8566 5322 9299 1134 6285 4962 5149 2003 9260 3236 1287 640 4870 7147 1868 3830 3051 7653 6537 30 3665 6903 247 5112 9004 774 8880 863 7919 2028 7200 9623 5758 8344 46 7426 1736 4783 7434 2150 3597 8193 220 8418 7162 5397 3380 9898 5645 1430 7088 3320 5993 1167 3835 8386 7762
7 8134 321 3111 9374 1353 9050 9991 8116 5643 6503 569 5163 8140 921 8848 8495 6226 5572 7213 673 4957 9565 7820 3106 8284 9197 9265 6487 1542 726 4442 183 9908 925 1739 1572 5175 9301 1962 3249 7852 5504 7521 7252 5194 9637 9709 4199 3981 7688 1900 1524 2856 2707 7013 4893 8987 6631 7922 6236 8022 545 860 5141 5462 3371 1505 3073 9467 6671 3885 90 7806 3251 1571 1731 9436 6549 1942 1950 6073 2537 896 9013 7392 2752 9842 6101 5715
8 847 8841 937 1079 2128 6331 5543 8445 1195 7050 7736 8687 6030 7048 8887 6949 3326 4269 8982 2929 5304 6115 8498 1479 2589 5966 5219 4901 3841 8539 755 3753 5063 6739 8858 7087 7459 8618 1642 2979 663 7756 9607 4912 647 8507 7929 7956 5895 5810 2533 1252 7948 2902 7553 4985 4647 374 6946 6588 6280 2001 6895 9988 425 7456 8601 6734 447 2774 5583 9993 4639 4909 6538 2
9 2 3012 4314 8005 6611 9003 7429 650 1223 9640 1058 6134 5288 9669 8259 6250 9720 5155 6635 6765 8105 6454 9654 6967 1137 8450 6699 6712 1498 1164 2867 6899 6074 9398 2383 3243 3537 9290 5446 5547 4230 6137 4780 1734 3837 4356 9777 7126 7 6044 5636 2704 7314 6075 3125 76 7254 6785 5349 6020 5788 1256 5654 3723 2184 3567 1336 6458 1601 279 4890 5871 3602 9573 838 8491
10 2643 4341 9758 2264 1979 8431 5043 5340 7615 5099 5660 2074 1515 9970 6391 2058 2422 1981 9075 4531 7012 6744 6731 1510 5849 397 3823 4606 4752 6100 9731 7833 7606 691 3720 9337 84 2760 2651 9688 8830 4107 2554 254 2741 8881 5437 4494 2274 9806 475 1512 6063 3022 7320 638 2900 3203 5948 3547 5784 9027 1305 352 9940 7438 5234 7485 4801 6428 5500 6187 7949
11 3543 1289 4728 8907 3757 3792 5212 1260 2577 9132 1752 7454 1665 1763 4907 6292 2978 8484 1780 2662 4784 6748 1534 7180 5445 3453 828 376 5702 1157 5580 5006 8146 269 1323 3408 3064 1555 5546 3491 8644 6014 6469 1562 538 6650 9083 5767 4539 9283 730 5033 8713 2600 955 7751 6139 9025 8267 2203 454 9244 5762 9842 79
12 2458 1150 7304 4011 8210 7198 2412 1149 527 8167 2146 4507 5509 7968 2404 8157 2970 4959 7755 7874 3393 7861 1476 8220 8257 8081 9480 6359 5826 8931 6687 9259 2810 8531 6099 5253 6669 110 6011 6945 5400 7641 2932 6061 5248 2617 4401 7321 6786 7856 6413 2897 3383 7782 3894 7153
13 2121 7659 1607 8908 7786 6980 8325 4020 7895 8233 9580 9496 7709 5277 8733 6390 5383 9137 1206 6385 930 3343 901 5132 910 4418 3102 6608 7919 6376 1153 4567 1020 9989 9836 6046 5639 8293 1043 3047 1495 3528 8816 6817 1248 8690 6067 675 9478 8634 9273 759 3937 7285 5270 6324 4326 4035 2
14 4352 7698 9191 6554 6071 6460 5548 3405 7744 437 8188 6545 6833 9829 6810 1583 4348 5860 3190 7072 9892 7023 7267 1852 2513 9555 405 9646 5104 3020 2485 6592 8375 1628 1858 1071 2958 6301 6464 2693 2113 3673 9666 9800 2652 4628 4104 6251 3303 7068 6306 4286 5962 8711
15 6021 6281 116 8069 9947 4965 9576 132 6920 5451 1140 552 3758 4070 2583 3505 3795 5662 6028 4056 4749 4402 6913 5457 3005 6681 9031 5710 7123 7233 6001 4664 3584 7349 8217 4517 935 8930 8579 9211 176 7842 6387 2608 8814 7216 1050 6415 660 2444 3427 511 1396 2875 9573 4901 5715
16 3700 135 4071 4077 2685 5097 207 6652 4843 6772 687 7439 7545 7183 9764 9735 6343 5122 8055 3675 4971 8506 7610 695 9621 9982 1181 6453 5704 8049 5996 5365 8135 3745 5474 7602 2198 1465 8776 4692 7064 5245 9837 843 802 5880 427 5715
17 8922 8078 1761 7280 7788 8406 1123 3504 1405 9351 5780 8169 670 9425 3049 7622 7335 4107 3172 3160 3362 444 3079 9604 8831 2409 3377 2212 4079 340 8947 5896 1912 7165 456 2817 8195 2030 2611 4068 8189 1711 6400 8227 3653 7142 9586 4504 2569 5880
18 8893 1984 761 6502 7733 6326 1546 7101 3251 9293 7517 9470 1081 7568 2171 5857 6836 4214 9795 4684 4378 7419 2739 7290 9281 707 1110 5005 2396 6216 1770 7138 9395 2480 3539 5471 9703 5961 2613 2038 1276 3262 3285 3883 1570 977 3607 7652 2121 321 79
19 3379 732 1383 8651 4520 56 9704 7266 3354 1948 8008 2598 4822 780 6889 9010 6770 7151 221 2927 7513 3963 1175 8221 1658 5981 8693 5434 8183 2256 200 1293 9848 5166 3463 865 9463 9723 4695 3964 7365 2951 4636 9522 295 2607 6374 3728 3936
20 7864 3320 1227 8883 8900 5247 6584 3714 5211 8663 6201 8726 1898 7243 3541 4528 9428 1242 668 2870 1791 7598 4302 4558 6423 6451 7167 8487 8218 1702 6829 7570 8068 8775 917 3226 9169 332 7163 7960 8812 4705 8904 7749 2895 300 1889 5129 6153 420 6778 1668
21 5917 8017 3113 3395 5794 3376 7057 1365 8176 3664 4313 3158 4450 5019 6750 6802 7683 8363 1557 2972 2740 2565 8912 7036 4354 7423 5054 6790 9649 4359 2393 4670 1364 5065 2239 2125 7457 3241 8918 6863 2176 7240 4661 9107 1784 5715
22 8193 9632 1581 7932 9548 1833 8686 1554 1923 3234 1176 3801 6909 7039 4170 1762 7369 8015 5030 7007 5389 8089 2052 3789 4399 6499 3827 1719 9579 6161 5698 218 6677 6842 3006 9965 5604 7038 9089 1705 5885 1085 9807 783 866 8248 4928 6827 3877 9533
23 5507 478 372 7396 8040 9689 3905 8111 3704 1345 4658 993 6334 7202 6188 2057 239 683 9144 4823 8681 5477 3352 2771 4760 551 2002 5138 5520 3093 7740 2439 858 8352 7664 8251
24 7474 5156 3225 2413 6705 1846 3195 8932 2123 3493 2136 8528 9931 252 4730 790 8414 7055 6070 3545 7053 5198 2114 4176 9332 4021 7526 9444 6355 7984 8030 5433 7085 5656 4060 9404 4252 139 6360 6962 6762 3319 871 469 2232 9957 719 6049 7240 3836 2962
25 2518 6024 1750 7410 6509 6270 8863 4007 8342 5228 3684 7476 6970 5589 4232 934 4913 3092 524 7725 7179 9380 834 7579 8142 7634 8256 3081 2175 3268 7791 5232 4069 6859 3612 3465 2603 2698 9206 3865 4036 4719 6030 5748
26 5609 9652 5756 1850 9598 6437 5802 286 9645 3007 8874 3820 4086 2846 857 6261 8702 232 6610 468 7278 9757 5052 5443 1319 7056 141 709 3230 3575 7599 8618 9594 5815 3751 3783 8125 79
27 2842 369 5069 9659 1686 3229 1963 5254 9248 9159 6616 9885 6625 5504 2876 2382 5387 3164 7811 4698 541 3843 6130 1641 5889 3520 9671 5946 8836 329 2321 9181 8106 2866 6511 4027 776 4531 6296 9244 2240
28 2414 9485 1710 3681 1174 1737 9435 4786 7706 8925 9205 8570 3403 1932 842 6254 4951 7260 8986 5429 1916 7037 4311 1328 8780 3706 2670 1917 9633 3052 131 756 4844 9493 8532 6298 8131 1956 7049 8212 5869 5412 2240
29 2543 1779 876 75 5925 9187 4970 6102 4199 8978 227 575 9521 9230 5768 8014 1560 872 5674 2139 6767 9684 2029 5798 6438 1749 7509 9414 467 9476 3923 5301 4407 5942 9453 3023
30 9697 3101 1625 6544 3434 5668 1354 7219 2736 1083 8649 8990 246 6084 358 7888 1401 1800 3656 8027 9487 2791 9260 4616 950 8060 7998 4203 4645 8121 9192 4880 9256 3582 8949 1329 5099 5095 9299 7736 3074 5715
31 9995 4622 9608 7146 6421 4591 8710 5726 3364 1528 3456 5502 2730 731 5413 3914 2189 2318 8787 3870 5661 485 6445 4966 8309 7367 9887 307 4842 2696 8614 2322 523 3885 2898 5677 238 2555
32 3651 3153 4081 3135 3498 2676 9364 5979 5150 5605 1265 971 2464 6986 4586 325 4974 1869 1538 5910 1145 1918 9073 8856 643 9216 3576 4414 4834 7845 1292 3454 2806 9775 8090 1091 6404 1454 4199 321 5715
33 1868 2699 5995 718 9325 8058 3238 6671 5038 5359 1439 2634 8927 639 6320 1613 820 1935 9014 6727 4691 782 6921 145 4294 6149 4324 1142 6369 793 8396 5185 3240 2578 3032 5339 6465 4855 5715
34 5525 2910 6643 5909 738 7696 5899 4755 4308 8894 6798 794 151 9593 4066 2147 5335 6144 2392 5494 6244 8462 133 6961 5467 1009 3305 3044 8455 7105 6196 6258 1216 3982
35 5286 3117 6362 1077 753 895 1839 7938 7347 4429 7607 6336 10 7259 438 2873 7896 3 9261 7078 5795 8377 8854 7135 5846 1579 5866 8934 4310 5384 5341 513 8512
36 4333 9133 9409 7191 4212 5385 798 3812 3089 8306 3275 9440 219 7525 5117 1031 5408 102 6305 8605 2192 792 1680 3476 2161 7082 8287 8223 8671 2892 9533
37 1299 385 4260 5053 8539 8973 5333 4804 4337 9815 413 130 310 5390 5700 5216 9816 5992 7519 2877 6398 960 5171 2342 6853 457 5085 2773 2871 8300 1101 8294 6062 1929 3146 7193 8711 6938 2962
38 9848 6141 3895 3814 1741 6280 3540 1796 9540 4034 8743 5884 1348 3863 2265 3989 8684 7670 678 5773 7040 1610 4667 3679 4627 6354 6338 8406 5989 9619 2407 3877
39 3758 6198 4709 8145 4362 5177 276 1219 585 8092 3935 6495 5531 4055 7536 8815 22 4866 1931 5964 5797 4020 610 4879 1940 912 8628 5188 1282 6377 8859 8580 2979 9955 7902 5248 5715
40 989 2857 5862 6416 7542 5737 3553 4766 6808 6683 9349 6815 5401 8911 5295 2794 8753 9498 3513 9218 4437 2744 9936 7952 7178 9185 9377 2764 5224 1939 9834 9075 8491
41 8552 1141 3882 9043 5523 2615 4797 8124 58 3969 5258 6639 2526 4431 5526 7630 6867 3072 1204 6931 3095 1721 5292 7742 518 708 4529 9026 2863 6615 1633 7822 155 259
42 1534 6555 9443 9219 8593 210 9311 3425 1036 2653 5416 8855 5503 8405 3308 703 5304 2423 7720 4282 4470 946 8362 545 8392 2156 867 6523 8598 6311 9086 5775 7899 6547 8491
43 7684 8109 6262 4342 676 7008 2489 1220 8899 9138 5872 2335 8503 3811 6482 7912 1436 9407 1281 8998 5362 2512 6143 6869 3909 9846 7920 8345 3509 3728 79
44 9313 4106 4159 4134 1740 9780 1920 9085 7318 5418 3637 4541 5555 7604 5607 2783 8028 3080 6492 9115 8268 2307 1106 4241 2275 6048 7199 9968 5715
45 9199 6409 5933 2792 5771 9208 5980 686 9865 8770 2191 3670 5316 1295 6955 5519 4923 7060 1310 8989 9791 3942 3088 6953 8371 7069 4178 9040 3219 9979 7153
46 1125 8441 4439 4486 6675 5178 6729 3743 8054 6526 3468 3629 8838 6532 5867 1987 1624 5901 7961 8554 3053 14 2247 4699 4277 796 5063 5386
47 3586 3916 3726 7336 2737 2917 1905 5323 2462 9713 901 9391 7253 3013 190 6222 272 7355 8793 9751 6022 6512 2304 4280 4433 6330 4973 4054 8794 9545
48 3537 2711 5690 9499 2784 3227 164 6623 8361 7657 8782 8574 6260 6186 5719 6434 285 4580 4497 5676 4444 5902 6214 1352 5437 3103
49 528 4234 6525 873 5062 3174 4939 9172 944 6587 2223 3474 3797 9605 4037 5777 3970 5713 8270 9692 5294 5552 7665 6924 9451 8722 2643
50 1273 5501 425 3374 1569 7221 2938 2647 3278 8029 2032 6323 1523 6604 5793 6184 5825 2403 3603 4888 6295 3048 697 2595 8708 3186 6082 5088 8062 5715
51 3707 1425 4574 3718 9376 7977 7673 7141 9745 6551 9385 5982 2721 5747 9233 3819 463 4798 1387 5907 1566 5740 8282 6458 2990 199 7762
52 9755 3345 3821 6666 5785 4372 9330 7868 1414 5875 4327 3657 2624 606 744 6717 1241 6925 82 394 6817 829 5547 4129
53 8612 4977 6844 2095 3050 6029 2143 3727 6662 9655 1095 8245 2745 7647 2292 714 5045 8581 1112 7431 2690 2326 5566 7467 9871 4995 6134 455 7883
54 4063 9515 9901 921 3596 1535 8522 4624 6129 2070 9523 5839 6701 3631 1978 9711 4033 4416 945 1472 5440 8583 8920 6635 3982
55 2633 1585 2182 5801 9918 7971 7131 2692 3839 8935 4156 2746 1728 8830 1367 8234 5061 3199 7834 9943 6257 18 8290 4065 6673 5730 3159 7204 5848 1121 3012 7153
56 4400 6054 3835 656 6861 8862 987 4945 1937 3672 7549 2088 8723 7092 7807 6898 7752 4501 1297 273 61 6417 355 7351 1855 6696 6101 6692 2
57 3386 7350 7936 8136 2010 6491 3447 3946 8888 6891 4629 9271 9716 8150 8599 9831 7302 72 4647 8729 3784 3708 182 5348 9008 8333 183 6672 3144 6827
58 8533 1449 7116 6479 2344 5143 4873 6053 6496 8524 8442 3147 2781 1860 2879 9323 9055 2677 3497 1807 6627 2544 4537 4828 2340 4526
59 7852 1343 7447 2828 9449 3496 2014 3222 9878 5126 9357 8939 6282 2597 6567 7261 8331 4788 8077 1044 5659 7851 8698 1134 2668 9197 6938
60 7333 3581 3683 7569 6197 6218 6880 7829 1059 7541 7772 9609 646 7631 2787 5391 5755 8340 8087 8891 9238 3375 5230 1429
61 4972 1593 5465 4610 9315 9370 7364 8658 1831 3270 278 770 9843 1122 354 4091 3188 367 9048 6103 9091 3666 7425 690 3004 569 9244 2
62 4314 4546 4047 7965 2483 1757 7618 2150 2005 2496 4365 898 6941 8451 2165 3798 7200 81 5482 1682 5278 6851 9116 5192 1822 3304 1615 9903 9968
63 648 9740 5257 3486 4264 244 1341 4612 2168 9312 1130 4639 1657 616 4420 1644 1154 9602 8878 6163 7169 5026 8209 6967 9301 3894
64 3557 5103 2818 8074 6698 2894 6840 8748 1619 8683 5922 8170 5373 8586 365 6622 1366 4811 3715 5172 9961 9036 5193 7756 9270 3877
65 9582 6539 9255 336 111 3254 1040 699 4350 1212 1574 2811 8582 9236 4572 3533 3987 5655 8700 7291 1380 2505 1452 7933 3836 79
66 2630 379 4238 4771 6954 4720 883 3121 1075 9920 8800 9080 1423 9798 4805 4946 4224 5583 3265 9563 3173 8134
67 6403 5912 9803 2797 2343 1997 4633 7795 2750 2319 8307 2923 44 3802 3853 8685 1032 1969 7136 1773 8269 7452 349 7409 700 9607 5715
68 3409 7115 3231 4847 9917 1651 8499 6166 2639 3297 8337 666 3864 4941 6175 9071 3098 7293 1019 554 3588 5855 2340
69 5742 2735 622 9433 8425 716 4727 1841 4602 1056 9124 4442 8572 5679 6991 4002 6351 2016 2542 9583 8980 6963 9045 5340 3889
70 6406 8803 557 7356 4367 7728 7556 1877 7939 7276 6427 8508 2855 3752 3965 2454 590 613 1169 8156 7537 9352 9162 2019 6920
71 6747 7975 255 1859 8807 3766 9109 2298 6752 3081 7806 6060 6234 7041 1192 284 3312 673 5240 5124 9722 8981 1137 8456 1668
72 601 4397 9295 4281 1941 7133 1878 804 7177 2591 1332 4223 9719 3314 4057 9316 7481 283 2939 5442 956 6566 7652 2
73 729 6370 6928 4004 5218 5430 8852 6155 9712 8848 8461 1209 366 8789 2278 1218 4216 3355 6670 1531 3584 2327 427
74 1471 8358 1521 6809 6189 6015 2107 1259 3256 784 8824 8841 225 2760 3243 1004 5913 502 5800 8486 476 9083 4997 3720 5060 5072 3074 7153
75 4752 8688 465 2476 5468 3699 1845 8885 7435 9065 8133 9047 4249 9997 6321 6051 2767 5818 1953 6743 5752 8716
76 6528 6550 1942 3555 9688 9005 1290 3120 7708 8254 1247 7320 4210 6952 4095 3755 4253 5950 8252 6193 5318 6680 2302 2433 3032
77 2465 836 5329 8784 7373 8179 6860 752 3267 9442 1208 6578 7379 2911 3762 8829 8696 13 2885 3073 7904 2426 8562 1933 3757 4377
78 7004 8571 2001 7180 3025 5534 2601 1183 3530 5834 6034 8332 1786 6473 3380 6838 499 1086 7762 4468 8453 2994 6651 5831 2274 4728 5715
79 8600 3220 6691 9635 9721 9215 4584 9786 1798 6274 1924 5861 3552 8052 9317 7669 7127 3178 4300 9174 8049 3630 6875 5458
80 3077 7737 2305 3781 9904 5897 7399 7075 2346 8790 564 1301 7448 2155 2008 3128 5621 5214 6195 501 3149 8810 9149 802 4765 6467
81 6918 8319 264 9667 7692 3747 6773 7948 6484 5441 654 4361 3100 9838 8714 8493 6391 8031 6490 8231 7234 3602 2986
82 9114 3432 7688 2650 5459 8313 126 3495 3417 5446 9874 9804 6653 1835 3590 4188 603 8967 9742 2604 3549 3729 991 267 3869 5762 2
83 4697 1491 6914 3610 4886 9302 8880 8056 5904 8168 4857 767 7185 4916 6148 1132 7155 7970 1464 33 1685 3697 7044 9545
84 5962 6949 3056 5407 7796 765 7154 6486 3036 4596 8652 6619 1478 4385 2753 6283 3269 3817 4150 4905 4651 4162 4343 2263 2109 5715
85 3233 3316 8473 118 253 8632 4954 2474 3184 2486 8754 5536 7681 4179 6915 3562 5716 642 4925 3956 3665 1871 3748 8910 5962
86 5615 2112 2568 4285 3535 2066 9066 1097 1060 6768 6356 6631 1377 3024 4505 9094 2516 3981 2651 5445 2240
87 5097 4100 5645 9253 3494 3842 1959 8203 8480 889 2580 257 4080 2729 5703 5358 6408 5687 8343 5871 9483 9075 1238
88 8531 2570 4641 6087 1542 211 3313 4102 8350 6865 1287 3932 1306 123 1775 8938 6594 2202 402 8140 2856 5029 2986 321
89 7545 4123 8344 2674 6984 8578 7239 3831 4243 6519 8286 3066 345 5623 1533 9657 9820 4389 8044 2943 2349 6737 3163 3371 7949
90 352 4377 5466 84 1051 2266 4614 8844 2401 8403 9501 1043 2164 3897 6530 7859 4226 9063 933 9505 250 1608 6302 7641 7120 9842
91 2121 9787 6092 5515 3284 1463 3441 2982 1255 172 7643 417 167 3255 6960 2966 6303 2072 8243 4878 4199
92 8516 7602 9290 3330 722 5268 2790 7855 5567 9569 4607 1769 9669 5330 6656 4680 4583 8936 1267 8304 9129 8125
93 787 1606 8556 517 4092 6999 122 8928 2798 174 1826 6598 8765 626 1867 7739 90 9056 6487 9374 7652
94 2480 5109 7090 7754 5813 9728 7802 3114 3015 6702 487 7170 9858 137 7616 6736 2968 1356 4626 220 6020 9545 7699
95 3561 3669 3307 6140 505 2865 5998 734 8224 1834 6617 2954 5658 7086 9986 5695 2127 6447 4230 8105 5762 5715
96 9528 9676 1124 4548 4619 9994 8130 9032 1781 5724 101 1666 3876 281 5409 9822 3381 1884 2149 5670 7147 3936
97 1156 7775 915 5728 7771 1058 3290 7108 6230 1139 7077 6674 7434 6191 2416 7978 8236 5280 3022 2424 441 9400 1552 2128 5880
98 6388 3950 2774 3772 1370 5678 8549 2190 7045 4929 1034 6412 7095 7000 9194 2000 8478 7477 7759
99 847 4491 188 9021 2376 4774 4569 3099 7885 1072 3165 1567 2906 400 6105 8373 882 343 5966 7820 8896 6692
100 8538 34 9252 3043 287 3961 4660 9830 3356 8870 2185 3429 1971 3736 874 4043 9348 742 9581 9368 8151 5194 6613 3877
101 5816 2884 4819 6083 7821 5406 3750 3871 9681 6414 9741 3110 8452 6849 8260 519 7212 3479 9600 105 6895 9467 3103 8134
102 3521 9015 243 7780 5355 7719 8842 3702 7606 7889 7205 1694 1133 5044 5086 1496 9268 9746 1375 9930 4679 1117 7438
103 2929 966 4462 4898 5565 489 2926 7893 1335 4693 2988 8601 5738 3008 7400 1697 5894 760 3958 5457 5784 4311 2
104 1327 2299 1289 4677 2844 4193 5863 3538 8822 1149 4635 7143 5334 4299 5735 5105 5356 2446 6112 3926 8470 3006 9007
105 981 2320 684 8465 482 4561 324 786 4832 4799 6464 2358 8067 7173 3003 6618 2355 6057 3363 5219 427
106 5643 4117 8419 4937 4455 9750 39 2946 3263 5632 7473 5696 1696 3804 3910 5182 3515 2559 4029 3303 7153
107 8071 5326 9606 159 6126 1789 4511 8677 861 7054 6507 3634 4349 4988 1246 1501 1809 2545 494 4104 1150 311 9842 5715
108 771 529 8172 949 2795 8837 6738 8036 5693 1776 1233 1794 157 3806 3460 9029 7511 234 7219 443 2288 2
109 7747 8114 4464 178 7110 6042 3808 671 2077 8154 5868 9359 9638 5269 7030 8523 1296 2422 6938
110 8423 5067 1303 9096 7034 3054 5189 6881 5317 1185 548 7160 7560 6468 1675 4821 6482 8387 6692 5715
111 454 9139 521 4222 6413 5180 7337 4358 5770 9254 7316 667 5541 6040 9264 6560 7597 4040 8019 5412
112 7210 4739 2431 674 5379 733 6478 553 2551 6365 1722 2616 1066 7474 8427 4785 5587 2466 8428 6608 9013 979
113 5161 5505 3485 7980 6459 4173 7769 8592 8905 5630 5145 6381 4777 7331 8719 6541 9480 3119 9903 259 4855 5715
114 4245 4984 2965 835 2411 819 271 9235 4369 3813 7484 4963 5666 609 2546 1806 9551 7950 1774
115 1631 4544 5732 8388 6367 7677 1793 6883 7252 4944 4704 3510 6636 362 1064 6695 6477 148
116 2463 9507 1264 4213 3566 5108 4644 1445 8042 4110 9481 1441 5186 4707 6139 9993 7413 2858 6327 2986
117 8308 3046 4258 9135 5131 4254 8573 4669 5162 9912 9384 2201 2660 5840 1402 9030 6292 9007 8994
118 3416 8239 7572 5351 4840 5082 2586 5746 2062 1049 4924 7489 2071 3998 523 1562 5997 9805 9341 6161 420 1979
119 9789 5090 6067 1330 4803 8712 175 2294 1373 5251 4481 8766 7087 5343 6993 4714 1315 6758 3776 4845 3967 7517 8406 5715
120 1661 134 168 353 3109 8097 9335 8985 2731 9130 112 1829 3134 4522 8969 6997 4326
121 5688 5271 6774 1016 5206 2437 6724 7881 6225 965 7789 8320 1147 6968 9717 7675 1848 5783 1984
122 2640 6787 7637 3157 8242 5651 1611 6640 5027 410 7156 3580 6 8095 5708 6418 3880 1784 9533 321
123 4948 9087 4726 1457 1369 8360 9431 8762 6313 5241 4133 4813 6032 7955 9141 7972 5543 5821 2013 3936
124 2325 6401 3999 5110 4787 1930 1847 6896 5514 9734 2452 8336 8853 2117 8279 1964 5397 3349 7922 5307 2
125 5548 2286 964 713 1426 9041 2896 9911 9876 1678 8176 6190 3508 8966 3215 7405 4317 7586 5869
126 5164 304 7815 7486 2673 4015 3414 6973 6168 8338 9324 9042 4347 3244 5368 4192 3240 985 7779 6226 7790 6044 6635 6938
127 7071 9538 2697 3648 6089 1980 6978 8798 6436 1098 9416 2782 4983 6795 822 3154 4815 813 7949
128 8977 4148 3167 7018 7770 9861 83 4084 5497 6693 6266 5953 6104 1179 374 4843 5507
129 675 1118 6476 1307 7611 5260 578 6843 6718 2539 8119 9362 5628 2116 1351 1413 6250
130 3241 8410 5911 4391 9668 8959 4382 1205 2135 4257 7929 1888 6485 1892 4295 8495 3103 8134
131 4831 4307 8636 4573 9338 4733 6267 2681 299 3506 5767 215 9430 1849 600 3783 3894
132 9169 1381 4039 9558 5593 7027 7137 5564 9921 2682 843 7841 929 5151 4087 7765 6178 2003 3316 3877 5715
133 9933 2064 2540 7563 5068 815 4858 1363 8021 5308 5259 7344 624 3856 8365 9623 745 7762
134 7521 7639 6633 6358 8139 837 7951 6124 6582 9953 6990 9200 1067 4289 5448 7751 7883
135 4884 6728 2569 6603 6893 4566 6248 2323 9347 8148 4702 4411 2925 1317 6429 8275 5302 5005 475 7880 2
136 9186 4271 7930 4449 8995 1360 6449 3391 9592 1745 8247 1550 4126 4556 7710 321
137 5367 2384 8535 2432 1972 9770 9262 916 5223 7461 8418 296 2244 1992 1050 7 2847 6611 3232 3032
138 2100 5125 3259 8181 7444 2037 6059 9292 6073 8699 7432 8084 7858 6300 7490 5836 5322 4870 9160
139 6937 6992 715 5444 2524 3116 5388 881 7513 4513 1805 8488 5350 5638 9731 574 9178 3894 6938
140 952 685 1907 7192 6996 6077 4078 4013 3176 625 7117 812 5454 8889 9735 9565 3830
141 997 1383 5637 1586 7979 2050 900 8968 5293 5396 4938 862 4975 202 3609 4070 4045
142 4985 4487 2144 4731 6979 5817 5300 7626 4575 1159 8604 5671 6133 7508 6176 5270 2485 5715
143 8670 7059 7024 2353 2788 5743 9636 4379 2389 4534 7026 7393 7244 8113 56 4967 1731 2986 5715
144 7099 4793 2101 9188 3642 7613 6154 8529 8302 7329 7991 9656 2194 5 8639 139 3103 2
145 1007 8736 3411 4565 2552 2837 2279 662 9942 6241 170 1864 4661 412 5715
146 4737 9164 6800 8659 4836 3818 3451 2565 8004 1041 3087 1966 2218 2961 751 6170 3836 9968
147 7987 4742 6347 6205 2313 7228 3703 546 388 4671 4293 6113 6685 77 136 8589 1555 3753 2240
148 2215 4053 2183 2339 1396 7969 1708 3415 2712 3901 439 96 5035 7209 6759 108 2662
149 9710 7781 8263 9852 9090 6389 3151 9408 8037 7672 9511 5264 2211 9757 1167 6470 9453 5715
150 8025 7716 150 5721 6777 303 5342 2909 2612 7582 1412 6981 3016 5234 7162 4664 4151 2962
151 9152 1084 8530 5244 5704 3975 6650 6919 66 1623 9102 5558 3705 446 7463 4168 7575 8406 5715 2962
152 8043 5135 7256 1477 507 9675 3579 7566 1400 2152 140 7860 4514 2666 5715
153 2890 9305 7946 3661 8298 8205 3840 2499 9309 631 2808 5456 9034 8214 8386 7864 321
154 2105 5772 5804 7063 7767 115 8180 3638 7691 7442 8734 4218 9101 6789 5758 9795 2533 2
155 559 5751 376 2933 3086 411 5581 2449 2295 9964 7848 928 8163 592 8230 9800 6731 6537 3982
156 7993 1262 4741 2111 1026 6393 3524 2097 1389 43 3096 4171 5022 7989 8832 8671
157 4784 4674 8103 514 5402 6456 5905 8864 6025 6709 7574 5009 6075 4399 1105 4765
158 3021 7426 4908 5788 6964 5647 854 9392 2366 535 2713 120 5481 1395 9336 2058 6469 1454 7652
159 7459 3717 9624 1368 3210 9279 1213 3129 9163 8622 5597 1272 6834 4778 5560 2992 3089 9990 9270
160 4744 5352 2550 4320 4837 503 8747 2186 7753 2341 8429 9732 2549 3141 2685 3377 6938 5715
161 69 2160 4284 4026 8061 9296 8416 8706 4549 9438 3336 2248 8630 9369 6588 7001 935
162 7321 5438 8773 6506 7903 1344 9640 8662 472 973 9412 9954 8673 2491 2732 9404
163 1263 4242 8057 6888 5923 4551 1880 9802 6521 969 5957 3461 8439 1904 4093 5219 2240
164 8887 5098 8227 5787 4493 6086 3991 1231 5101 6897 3696 3687 8367 2872 8858 2329 5928 6862 9533 79
165 828 1394 9543 8964 474 3563 637 2369 758 7663 2827 7013 9460 268 4664 6938
166 7617 5034 9708 152 2120 206 9753 8329 9175 8610 5134 9051 3156 477 9461 7153 321
167 212 6364 7353 9182 777 408 7562 1944 9275 2171 8970 1873 8129 2590 9666 1498 6141 1774 5437 6327 79
168 7012 7500 4816 7499 8464 9939 9886 8564 9167 6543 4244 9176 512 6131 6975 427 79
169 9144 1451 8502 2468 6940 1411 7207 3368 5183 8289 8102 9736 330 3276 7864 7296 5715
170 1042 2747 1695 5078 3344 9707 7280 1129 1481 4649 7482 1627 8724 9367 2177 1277 399 2892
171 5163 2096 8809 4132 1010 4564 1430 5941 2519 4532 4933 1408 203 8594 4401 7997
172 4478 5584 8098 9821 138 1788 7564 2799 8744 4051 4154 2262 953 4901 5715
173 4266 9241 2456 8715 4712 166 8177 1470 6223 6647 9202 4807 5929 6174 3023 8491
174 6045 7006 5557 390 5682 8555 4571 5399 1092 9173 71 641 2036 6331 6692
175 2532 8982 2515 3458 8881 7451 9070 6352 7501 3060 4604 2741 1492 7325 4710 2902 3195 6454 7120
176 3990 7197 8975 9862 6287 4808 193 4912 3884 4236 3309 7025 955 6549 9836 4901 3012
177 7262 7314 4882 6595 6346 6812 1397 7862 1901 571 233 3392 9945 6855 9842
178 5096 4457 526 1960 9691 851 6942 5870 9832 6145 8137 6982 789 9303 6570 9027 2983 6827
179 3691 4309 4306 7561 6706 2391 8738 1746 4949 878 8169 2728 7884 9733 3032 5715
180 7575 6213 5321 3291 5200 5331 117 6011 9971 4228 3394 2958 9616 755 1782 1985 2412 5748
181 4589 7777 6122 5969 7203 6722 3832 7601 1994 6150 6735 3428 9928 6460 3354 2475 5248 5064 2
182 2417 2047 4170 5369 9825 3286 2883 7504 4903 2018 8481 773 9938 3937 9129 259
183 2887 5153 1674 2271 3145 9984 6614 3318 1874 4891 3523 2269 3507 6187 4765 5715
184 6123 4851 6173 4474 8198 7496 3568 1181 8123 8055 9833 4562 2998 8507 7713 3894
185 7372 9069 7679 1587 908 5417 7028 9618 8758 2324 5338 431 5201 1607 4314
186 5119 4127 4559 5796 7389 542 9627 5652 4475 3777 3172 7593 6615 9518 9545
187 5920 2860 3976 9306 2635 7894 1340 2308 7161 9535 7079 5983 8078 2583 5507
188 1127 7247 9436 3522 2234 8287 5754 7680 5569 6038 3721 823 8934 7023 2407 5507 5715
189 7633 3365 6425 326 1988 7668 4795 7227 9153 8720 5973 3756 5458 8406
190 951 9654 4330 5215 2882 728 6900 2293 6516 6010 1536 880 6192 9465 208 447 3877 5715
191 1851 5849 7093 6825 4962 3565 3214 1919 4402 3481 2698 100 7281 6224 6576 4989 300 780 6938 321
192 3035 5479 8876 5106 7065 1865 983 26 1896 904 9383 7241 9940 7088 569
193 7342 9379 2197 1556 1958 9868 7385 2115 7826 2237 8518 9044 8713 76 9533 5962
194 5893 2655 1017 2206 1814 6256 7383 7386 7621 5592 7469 640 8193 6030
195 3047 1973 5596 3662 4950 6355 9530 2055 8238 788 9610 8307 6734 5580 9807 2158 7762
196 9932 9896 6945 4906 7721 1866 5617 32 6237 7686 5450 4900 332 7456 5962 5715
197 9845 9285 4654 4802 2141 6659 522 3732 8117 1957 1715 8566 1391 5962 5715
198 6831 7407 2017 9738 8912 2034 1197 1252 9761 2231 3554 5179 7819 7610 8776
199 1120 4160 240 7550 2179 3845 7042 1639 2438 8295 5517 6461 583 7206 9224 9834 2986
200 8709 8296 3997 7487 3742 3859 3007 5142 1955 1237 4926 451 1646 9965 4035 8134
201 8672 7585 1230 1003 309 3102 7591 6373 8310 6739 9198 605 9239 6518 3103 7652
202 3977 5313 4211 6324 3948 9111 3775 4743 7921 7702 5578 7981 3326 1119 8387 2240
203 2562 1311 9771 2333 4175 5275 926 4686 3862 3431 2576 1656 6946
204 8431 6933 4169 7596 6000 3754 2947 63 7849 948 7996 7813 1962 1658 4199 5715
205 2680 5698 4687 7284 8033 3857 7967 1337 2255 4935 2049 7746 527 3023
206 9992 7854 8987 4274 2210 7323 1039 3470 8548 2377 5449 3807 8009 1524 4199
207 3106 2820 7628 8505 4177 2228 1314 235 8250 9872 492 2643
208 1590 490 8585 1711 5461 9432 8519 4871 7408 3348 7551 8051 4364 6547 5715
209 488 2709 701 5031 1489 7235 7707 7581 3115 2146 54 9405 4517 1081 3463 1790 1238 5715
210 3144 2375 1739 7605 142 8686 4757 8249 8501 3984 4028 1756 5375 5477 860 7219
211 1055 7590 4393 2227 165 1529 3913 1522 9840 9495 3641 8514 3528 8644 8491
212 6099 3673 8705 1178 4721 8515 7272 9327 2199 8175 4415 3925 4993 3111 2
213 8220 5986 3866 8615 2657 4198 2445 2239 3875 5978 8171 9494 2973 1800 5810 2264 5962
214 1785 2406 6494 8390 8060 1407 8197 7126 2868 7559 2167 5443 9545 5762
215 7831 2833 4256 5187 2661 3422 1191 6348 9466 4145 2701 1428 6424 4958 1353 5219
216 532 4782 6116 1048 4099 5631 270 5649 9674 1107 6935 5053 7968 3836 6938
217 3084 9559 3847 301 8474 4613 6741 3616 6573 633 5113 8495 6584 5715
218 8265 1461 7808 6115 7397 1717 976 8792 9050 7472 1683 8469 7310 4463 4527
219 4453 2079 8701 1226 9300 1622 4240 8843 3169 9772 1564 6581 2182 6613
220 3337 2252 4736 8526 7009 4917 396 9104 737 3034 7363 7902 4957 1216 205 5962
221 5572 7837 2030 540 7693 6018 698 3664 1548 5080 8919 9794 177 3710 2599 1943 1738 6049 5715
222 9580 7740 9192 3058 5287 7909 380 5520 4147 5799 9650 9119 2390 2246 1079 1979 2986
223 246 7406 6905 5349 4025 3433 9097 9809 3260 8391 7503 1253 8795 3398 6625 8284 3232 4199
224 2365 5634 3397 8961 3322 2903 8448 4209 7650 8278 9869 25 5095 7153 3012
225 5951 8653 6203 5002 2204 260 5903 1052 3572 3069 4991 1876 1731 2707 1476 3163 9533
226 779 8186 1444 1236 2408 2627 9841 7237 8327 850 9947 2904 6692
227 1177 6309 4375 9145 2932 8251 8951 7324 8460 78 3529 1903 555 3213 4341 1299 3982
228 6035 3148 28 9291 5040 9637 5890 3446 1743 493 8200 2209 7791 5437
229 6110 8834 6908 4010 6716 7773 1201 2981 1950 5977 6799 6805 5400 2858 2
230 169 5054 2785 2985 6472 2290 4648 5393 1186 6076 8444 1736 4423 5507
231 5824 2802 5744 805 9491 8937 2683 6448 5554 5664 7554 6648 3541 9931 2114 9842
232 2331 6574 8440 4705 9926 7901 2607 8046 2222 712 7533 496 3032 6021 2288
233 1838 9527 8466 3437 9723 7443 6232 5169 8768 5107 8668 2875 8711 4311 7949
234 8732 9344 4421 8400 7697 1665 6440 1765 8421 5865 2059 5906 4199 5715
235 8053 2553 602 3473 1469 297 2538 5898 8605 9883 4672 3152 1160 497 774 6404 8134
236 1667 689 9611 652 4403 1234 4869 5152 2649 9372 6956 7507 8663 5762
237 5522 2481 8646 7856 3837 5347 5876 5115 7382 4507 2529 4835 1393 8948 1524 7153
238 8676 55 8376 6457 7422 6602 3166 9867 3846 7632 3621 6938 2
239 1271 5042 9873 7033 8661 2534 5873 5843 4666 4031 9125 1952 7251 930 3104 9842
240 5112 893 739 4960 9171 9448 6375 6466 6229 4325 8218 389 7362 1256 4176
241 3860 6628 2936 9318 7275 113 6742 7974 8831 4404 9120 3795 374 8104
242 1343 504 1424 323 5023 6160 8471 4191 9698 8122 9381 8264 8666 104 2155 6938 7652
243 9245 3689 8624 9781 2169 1961 4272 4662 5815 3536 4763 2805 6029 9075
244 5395 9701 2718 3105 8890 1669 3623 9595 8457 6157 5322 8406
245 6565 9567 597 1640 7755 9935 4396 5266 2421 9884 8447 705 8690 4020
246 6251 3017 6185 1908 2920 5856 6219 6939 2804 1093 6065 395
247 9340 9510 3202 5908 9060 2644 5491 9839 6290 5415 214 2226 5149 1948 9425 7968 935
248 4625 7312 5845 6934 2999 2708 7338 6041 23 6667 1596 3560 3885 6938
249 8191 748 4140 6019 2187 8204 3682 4942 2102 3858 5833 2260 3261 5458
250 8477 7745 7577 2404 5428 914 223 1832 2137 8823 2915 9906 1540 2608 3331 1750 3936
251 9207 2807 9661 3242 8591 567 7734 7687 6289 4990 1293 6980 2458 8487 2
252 6249 3739 9783 51 617 4166 830 2839 4577 3532 4346 6692 5715
253 4914 4579 8463 9519 3810 3193 6819 1840 291 3722 6005 30 5643 8125
254 6923 331 7715 4456 5622 3064 1434 4219 2531 1061 9664 7636 4176 321
255 2669 9835 7455 9190 5203 5478 2907 1087 9778 8674 4077 8728 6712 321
256 3620 663 7232 1085 6002 5692 3296 9549 936 9426 943 9132 4180 8005 2
257 4237 3327 5734 5389 5303 2614 5370 8341 9823 7083 5345 5553 4345 5156 8406
258 6621 3189 3518 7800 757 6341 6212 5075 5309 319 3985 6839 6061 3936 9533
259 1879 725 3457 3122 1772 360 7391 8914 2214 6433 7792 687 7133 2986 79
260 7395 9028 195 7846 3690 9411 1080 724 4592 2536 6801 5462 7240 321
261 7216 53 3525 7567 3338 8093 558 3578 977 9386 655 1808 3377 5322 79
262 6221 6873 6291 4792 1650 8660 2007 9 8635 3677 7454 3612 8462 2704
263 1981 8752 1168 8750 9682 8468 8408 2638 5612 3132 2900 1336 8235
264 7730 9628 4203 5199 9946 2270 7703 9517 5827 3334 6793 1292 5784 2288
265 8069 2415 6780 8188 8297 6462 6707 8764 735 1482 992 887 6790 9842
266 863 3959 9393 8256 3872 6211 6884 5282 5685 4206 9566 3408 2927 1348
267 9991 7654 2621 3146 5170 421 5985 661 2157 8085 9077 6630 3232
268 1632 406 7547 128 4986 1455 9474 2617 2717 9678 9643 8228 5715
269 8351 9586 3125 7258 1182 1261 9811 3852 3900 2645 9223 1582 5862
270 8012 4056 7530 8850 7381 8608 423 3002 9450 7082 5003 925 9533
271 2687 4812 1742 3888 3907 9035 1432 9146 2495 2898 7266
272 6337 6852 888 4521 4489 2918 5207 312 9591 1923 2113 9968
273 5176 7043 868 483 1565 1419 9679 6497 7238 5654 670 5483 5821 6021
274 1361 6586 5041 6901 6961 4883 7892 2937 2398 3633 7558 7213 6188 3521 79
275 8997 5439 2027 7624 2399 2289 1342 1140 437 5011 1442 3376 9533 2
276 9265 8761 7114 7226 4112 630 927 1503 4448 577 2987 8259 2175 6827
277 1198 3292 3904 5689 8490 316 1398 8368 7743 6767 420
278 9585 2803 9730 5017 2350 8147 8496 9039 7249 2444 2739 7029
279 8402 2118 1652 6498 4214 6500 4413 3650 24 351 3680 7895 1504 8325 6692 5458 2013 6938
280 676 8947 1787 5127 2124 7924 7313 328 7217 1821 9484 8528 6772 5715
281 5431 3071 2093 7875 7436 598 5074 3490 7506 3155 6753 7433 6613
282 2043 7233 8153 8144 3501 8655 9168 7309 766 3873 7096 6453
283 1690 3573 2418 6210 41 7676 3678 3741 1347 6385 1260
284 2467 4920 871 5936 8534 9355 7157 1561 3593 3282 9758 925 5507
285 7627 6641 3652 227 4735 2103 7164 4931 6661 8083 6572 5726 9720 3395 3376 259
286 5195 7248 6936 3643 149 7689 2822 9859 4999 1339 2652 1784 3936
287 2908 4432 1309 6094 1810 2051 368 8272 3719 4703 3092 8756 399 5962
288 2031 1422 1720 9818 8346 8882 9019 2207 8988 3250 4692 3393 7517 1774
289 9646 8434 6837 1645 3325 7020 3943 6892 6568 4820 2589 4528 3004 9545 79
290 8142 6599 4368 462 1539 2238 2960 3385 817 1453 9743 2453 1328 5848
291 3625 1495 9866 9358 8445 4096 3329 8141 3280 2628 5301 2373 1647 3877 2
292 6556 4746 7568 7415 4060 196 8804 6583 2815 5706 2618 5063 5507
293 1817 5154 129 8569 7457 1410 5233 4716 3194 6609 770 7153 5715
294 7714 3445 6374 3941 4220 6826 6151 3606 5020 6231 8751 7318 199 7266
295 9195 7836 608 7824 1843 7552 931 6363 7983 1323 816 9004 6547 8711 4855 2
296 9857 8312 5157 154 1893 8897 8167 9819 5050 8821 4232 9545 5962
297 1045 9388 6325 8954 7174 1466 2033 5814 9584 4745 6635
298 4956 1014 2195 9969 163 6890 8996 7671 4865 4482 3790 683 2983 3792 3023 9244
299 6688 4976 9462 7118 6515 1148 6410 8906 8110 9739 232 3586 9545
300 6379 2061 8759 4296 5683 6262 1162 6558 5055 2283 2422 79
301 971 5600 3211 7839 6058 665 7960 7887 7666 988 9387 2924 9043
302 778 3083 688 4955 4319 4761 996 2337 677 8157 4286
303 9534 2850 449 6052 6085 5276 8511 8190 1250 8116 427
304 2951 5538 5217 4915 9578 2722 4587 4161 8443 5366 2368 4504 1799 4385 7413
305 5535 2796 1144 3323 3469 2285 1541 7651 2693 5120 9977 300 5715
306 5004 7656 8143 9622 7956 4814 4982 8476 2930 3820 9418 6692 2240
307 2893 9577 9526 2429 6264 8952 3410 9401 6917 3520 2972 9178 4679 3877
308 866 7288 2934 6642 3550 696 9342 4510 2602 2755 5921 6534
309 2571 8840 5283 7890 5160 9353 7292 1672 5858 486 6400 6196 5715
310 4557 8941 2249 8357 1815 1164 9557 7340 6871 5864 7151 8487 8125 427 321
311 229 2488 3659 4336 3994 4409 9093 3373 6310 2878 4967 7153
312 7072 5421 4108 415 5247 7516 3992 7358 3208 1663 3277 9212 6669 5099 6327 8406
313 1020 8898 1244 8483 440 3075 9424 6983 2881 2074 1598 2321 6021 2
314 1358 5680 8022 5432 3526 2809 5877 2434 4892 2225 8314 4459 1465 7634 5072 4855
315 3767 8680 7682 7172 8953 6088 8065 2935 45 3686 5028 7266 79
316 4074 3660 8196 8916 9660 106 6117 8678 4308 2518 8910 2
317 2725 6959 1654 3418 6480 8811 9217 3127 2272 2757 3964 4199 5715
318 1724 3360 9366 7810 8433 809 6510 8118 5803 6717 5639 6100 9107 7001 6021
319 4875 4412 3298 7188 7159 1103 7976 2315 19 3655 4684 7615 4765
320 3983 8324 305 6652 7609 6233 5972 4155 6329 6177 9775 3914 838 7997 79
321 9137 2233 293 6125 7557 8894 4121 4668 3500 36 1473 6696 6296 6635
322 5947 2099 8364 9632 3038 8267 6164 8301 9156 8459 17 6153 7732
323 6725 5790 2092 9232 8587 1138 1146 1224 9603 356 6236 7296 2240
324 7062 2314 4590 6200 726 5764 3805 4044 1508 6902 4907 910 6938
325 1111 4849 7354 5435 710 8045 5209 6786 4144 434 5359 6692
326 5559 8827 191 2310 52 8041 9459 9161 8883 3704 8068 8830 7438
327 9500 1376 8005 3028 8999 2440 5168 6775 9183 6136 3694 1560 4341 4199
328 4853 4304 1617 884 3822 438 2420 1723 6316 6538 5451 427 6613
329 2761 891 4512 634 1390 8867 2254 3041 3939 8836 9398 3468 79
330 697 3883 6926 3714 226 5433 5842 38 3735 3986 2026 5530 9463 9247 7992 3877
331 4767 1188 8871 3482 3527 6036 1655 4706 4089 6730 8062 5748 5715
332 8086 9284 7074 9976 435 947 5705 5038 4278 2889 1512 3004 7699
333 7485 5512 970 750 8742 3042 9959 6003 3902 1371 1405 183 3836
334 6269 8976 3137 7865 3825 5852 7787 7828 3574 6850 8107 6770 7833 476 3830
335 2594 3192 8746 7498 1421 480 5896 2957 4533 2301 5821
336 4791 3161 4152 8389 131 2835 8374 8432 9548 4965 3491 5458
337 1730 3771 727 9067 5556 5250 7857 7134 6821 8189 8991 3061 3427 3602 5762
338 5781 2041 1073 1225 94 2566 9179 4563 1982 9468 135 9453 5715
339 4434 3138 7817 2235 5013 9747 1813 9653 5797 5838 9301 6938
340 8845 8241 7274 6947 5939 398 2769 9850 6916 1935 1934 1145 4314 2986
341 7104 4490 8277 4542 6577 9266 2472 9123 6797 4923 7219 2
342 3972 2770 8013 5636 4690 4940 2766 4312 1693 9706 88 6063 9023 6082 9533
343 8904 5934 3803 29 2596 8543 60 5926 6886 1180 5175 9533
344 1588 776 6263 7194 265 7301 621 8781 5608 9944 7553 9533
345 4708 3031 8003 8352 6620 8349 781 1215 5374 9046 1065 9836 6692 1668
346 2577 6733 3009 4488 5506 3341 6050 658 5070 7061 1989 9010 5962
347 3388 4780 8372 9225 4136 4086 9319 6977 3746 1190 5511 427
348 9705 2834 1900 2359 4502 2560 8527 547 8155 8931 7123 2603 541 9224 7652 6938
349 7844 1435 6715 6531 4921 7022 7788 2864 8158 1459 7341 1571 3032
350 4334 4809 7886 8000 7870 9018 5582 1298 9422 5253 5156 1774
351 393 3794 6426 1616 1662 2663 1053 8957 8946 5715
352 7179 2969 5346 6074 8159 2522 9827 7032 9177 9113 9826 4636 5989 4855
353 6271 3027 1440 3764 2220 849 7614 4315 3547 6836 9040 9533
354 4024 7907 9881 7014 958 8315 2840 591 2332 1113 4027 4314
355 6681 5255 7294 2317 8757 4082 7776 797 5089 1505 8794 8387
356 3274 5635 9844 4854 7718 1116 2852 3744 4259 991 1534
357 1379 3945 6204 3763 1349 1005 7057 1760 7638 5544 75 5064
358 3799 67 4750 241 8813 6239 1063 6119 3600 364 116 8235 2155 3032
359 5601 4646 9900 1102 2024 4197 7962 2886 3362 9968
360 5563 9555 6382 4860 6646 2080 5561 9402 7531
361 1833 9286 5915 6137 6710 6238 6386 4896 7017 8740 4225 2057 3103
362 3082 6989 2508 6766 6879 2129 1698 4441 7816 660 1638 8692 7669
363 1240 5381 644 8449 6312 7091 6764 1194 7365 7678 7864 5715
364 4588 2166 3293 1691 7804 4796 5226 8513 2297 1117
365 1778 1570 9356 7414 3635 8828 2823 1028 6402 5263 937 4151 6938 5715
366 3700 8796 9314 8860 9568 8597 702 1801 7021 207 7183 6465 6270 5219
367 9604 9227 1294 3489 5033 4153 8366 2078 8702 8788 8018 5981 2437 7120 2240
368 3404 5949 4553 7031 984 6463 7306 2125 2626 1037 8348 7629 6028 569 5715
369 2605 9492 8446 1199 2447 7801 9191 856 7307 2387 8248 9244
370 269 4135 4469 7428 3140 6209 1828 9808 9950 6162 8634 199 321
371 6807 721 8489 1898 4496 5945 5296 5436 5769 2511 5141 6765 1934
372 5661 6147 2777 5532 5220 768 3850 736 5242 5212 3012
373 4852 4890 5508 9371 1357 604 3981 9562 5196 42 8293 7153
374 8138 8355 3737 1193 7449 9298 5327 5573 3183 4893 2413 3543 6692 3836
375 8010 978 4781 8035 2922 1605 3097 1595 9683 3074
376 2451 4723 5882 593 8521 7182 2501 924 4643 4356 7861 647 979
377 6966 1000 80 7357 4632 3281 2134 9877 7124 1890 1436 8687 5887 2340 2
378 5763 9012 2869 4042 4116 4953 7797 1345 2838 4762 5607 3032 321
379 4824 3366 5237 21 8808 3488 2205 1637 8924 8438 2810 7278 4069 8910 4199
380 9847 762 5943 1609 382 5299 6214 1270 2469 1911 9544 4341 5340
381 9304 4688 8560 5360 5485 6557 3502 3271 9749 5507
382 8164 7392 9363 4480 6276 9403 5684 4276 1458 8649 3103 6692 2
383 9380 2148 7653 2716 7277 216 2067 4776 7608 1927 2574 84 7883
384 3996 8866 5528 7835 4740 6286 9889 1679 7758 8146 921 6613 79
385 9702 1207 7005 9110 8494 4689 6344 4665 4097 5909 1276 4959 8994
386 8266 3833 7366 6091 4181 4128 1614 7299 8207 7410 9982 3234 6986 3877
387 5595 2959 3014 9331 7270 2816 9532 5490 6387 730 7992 5880 6938
388 1853 9759 6818 4438 879 49 7359 1538 2510 8628 3232 5762
389 6070 6474 4189 3887 7332 3918 491 8050 7488 718 5917 9244
390 3843 2579 707 3711 6606 7289 9937 5493 7720 7495 5900 9478 3236 3792 6938
391 4386 9038 442 5990 8879 1559 4229 6655 4526 2615
392 6504 3288 7377 9529 5891 2258 5383 6540 9196 3537 4527 6692 321
393 7327 2648 8064 1279 8643 4904 2471 7741 7874 6044 4765 321
394 7121 1012 4187 5077 8689 3716 7925 9282 7458 8116 7652
395 404 9237 6700 1446 1468 4332 6357 5663 580 9025 5715
396 1305 3671 3548 8088 3059 5874 2530 9011 9496 7204 9842
397 4032 5056 5657 2402 6227 1681 3108 2503 2611 1429 5715
398 8011 6146 4419 2004 919 8253 1232 6944 1439 2659 6712 3894
399 2859 6397 9694 9423 3592 1109 9601 7478 8467 5446 9374 9545
400 9062 3423 2874 5049 5236 3382 5594 3264 1035 5784
401 4538 581 3759 1104 5272 2188 5779 3011 4414 6281 5715
402 5533 7166 9076 8559 2065 7988 6396 510 9677 6584
403 6415 6644 9793 6181 2952 2394 5761 2819 4182 7932 3032
404 8731 2245 3995 6349 7867 1945 8413 3452 9573 1238 5715
405 8411 9399 5888 7583 3920 2494 347 5008 3436 7163
406 8780 5778 9280 4435 3968 1275 9641 3512 759 5090 5219 6327 2
407 2460 9310 8839 5265 3828 6951 9537 520 6694 4558 5341 5762
408 2996 1242 2048 3045 9457 3949 1634 3350 5509 8173 8130 4199
409 1202 338 3130 9625 5059 1747 5181 2705 5470 525 340 2288
410 5311 4062 1514 2087 7510 8202 1308 7370 799 7361 8406
411 4001 8132 9797 1999 2379 9413 8002 4360 5175 4199
412 7695 8900 4547 6732 9151 8950 7187 4779 5332 5709 5484 6376 6938
413 9273 3235 308 6894 1195 3740 3419 7220 9541 2575 2173 8008 9197 9299 3012 2
414 7964 3005 4363 236 2361 7246 9249 3966 5537 6514 5783 7762
415 114 5739 4594 5673 826 1480 5524 7863 8561 1223 6545 4786
416 5093 6259 811 9547 9001 5749 1249 4734 8160 6492 3371 5507 5715
417 941 692 1346 5968 8246 6333 3622 8921 9407 9806 4717 5138 5962
418 7642 6299 8625 7122 7727 7311 3854 8396 5869
419 1499 3531 4472 5371 1002 2723 4008 1415 7795 2600
420 357 4605 2006 6958 7480 6431 563 7295 9086 2002 105 7153
421 1914 5398 9057 8962 1767 3632 717 8819 7904 761 46 3982
422 6748 2470 8557 7748 5147 2557 8992 8785 456 9594 139 9533
423 6394 8895 5605 1288 6294 5841 9902 6064 2184 4176 5715
424 6912 7543 3613 6803 1527 6781 1602 4552 2537 321
425 1516 1324 4297 831 5830 8215 3453 1979 8092 7985 3599 1248 3513 1289 1105
426 839 2213 3466 6135 6882 5918 3370 5224 9763 9589 1871 7055 5507
427 348 9512 6624 8079 8199 1136 6242 213 3304 2858
428 9184 7150 5723 1626 7534 3796 5492 2984 466 9008 9270
429 7268 1090 1091 6522 4772 8208 5668 8126 6275 9049 5167 5014 5962 5715
430 7640 2812 4215 8620 8359 4012 4650 9406 7943 4400 3877
431 7995 3713 8717 8846 5924 9502 8667 7934 9709 4855 321
432 65 7186 720 1754 8613 1431 7418 8778 272 9685 875 3232 6692
433 7215 1196 5999 9521 4292 9108 5190 9112 256 8848 4855 2288
434 6580 7352 6746 8316 9520 2229 9514 4830 3675 1364 3232 2555
435 2142 4615 4770 1716 6561 7380 9784 8510 6360 4176 5962
436 2098 3838 8805 1222 932 2193 897 6483 939 1766 6285 2
437 5130 2208 8152 6001 2063 251 6315 4388 6334 5129 4647 6537
438 247 6853 1753 810 8547 1437 3339 566 7798 3342 2273 9444 1125 745 6938
439 4536 2490 4073 5094 4076 9915 5954 4500 1406 8211 467 9533
440 7623 4290 1998 6180 381 967 6339 6686 8512
441 2162 8621 8007 9470 7076 2749 8066 4810 6597 5254 4870 4199
442 6654 8611 7368 9148 657 9421 5766 3065 2974 4129 9842 9545
443 6505 2277 9768 8162 9375 9766 2715 6658 5239 4919 3158 5762 321
444 1467 8645 5956 198 7587 607 833 5048 7954 7266
445 827 9788 2800 3993 6749 1577 694 7230 64 4801 6692
446 73 954 8595 6481 4523 4200 8370 9216 9962 8335 2773 7732
447 8707 6711 245 7130 4535 1443 1770 2282 3435 2724 2288 79
448 9914 1882 1047 5007 6804 2196 6607 3273 5948 1476 321
449 3079 7201 6796 5727 8194 8631 3467 7906 7565 7786 2897 321
450 8040 3182 5298 2541 4652 5854 2443 5872 6129 8854 1121
451 7269 3516 6811 1543 3564 4094 723 9193 2236 8258 295 9545
452 7944 7619 1399 2126 6564 9644 8786 8749 8342 7759 3783 5715
453 27 4841 6395 4041 2145 6756 5610 5261 575 2407 8812 3074
454 4376 7825 201 8741 4638 9693 1802 7479 5122 8005
455 4838 6776 1925 5066 7917 8023 8089 7722 7805 8551 8470 427
456 4818 4050 4678 8603 9699 8654 6585 3424 7782 2630 5962 79
457 3253 5208 9812 448 9524 2242 9378 844 9000 650 7335 3877
458 2817 8647 5104 6488 5229 5527 8305 4694 4381 7850 2595 9244
459 4241 9961 7119 5426 6489 5641 4195 2671 1993 7491 76 2986
460 9308 1220 4328 5822 5353 1409 8851 3693 6600 485 4639 8406 5715
461 8520 4302 9765 7544 1823 8216 7360 9350 153 4444 4913 2666 5715
462 8703 2941 6878 9626 9127 9972 6950 5946 3509 4909 5848
463 7966 7097 906 6378 982 1954 2243 1280 3226 6021 5962
464 3786 4167 2119 972 7440 3216 7869 968 4506 951 4765
465 5419 2979 2719 6407 3823 8492 4628 4874 3583 6261 2500 7148 7630 8644 5412
466 3499 2448 7546 6078 1038 4246 262 4978 37 6467 9842
467 9259 7427 5930 6318 2459 8718 9686 9016 4109
468 1791 7330 9231 9564 9948 2140 8965 6007 5624 8223 8498 2191 6967 9842
469 3310 3343 5702 146 740 6026 9985 8026 5081 6664 9970 2005 7240
470 2251 769 9718 3101 3245 7945 6152 3709 1648 9930
471 4443 7576 7700 6235 5010 3133 6987 3551 443 3077 9199 5715
472 1022 741 1597 3824 452 8767 8382 6047 8958 3379 9615 9545
473 2734 6601 1257 436 4753 3534 3782 1228 5083 8125
474 401 1500 7423 1128 6471 6726 9213 2296 5376 7752 9608 7899 3163 321
475 2778 638 6590 2825 1546 2914 4969 7538 5173 9975 1496 3032
476 2427 864 1995 7840 458 4968 2629 3649 3051 1058
477 162 800 1 359 4754 961 5155 1517 4758 4199
478 632 9103 7471 1584 1200 2563 2832 4390 1025 6021
479 5859 1642 3190 1968 1872 8378 1362 4979 4554 8627 513 5715
480 5413 3218 1830 589 9714 6405 818 8436 6240 8748 6554 9545 5715
481 1490 9960 2356 7283 4124 3624 7196 5807 2615 3316 5715
482 6509 4323 8651 3577 5625 4344 4800 2963 806 9907 221 5715
483 5372 1515 3438 1530 3018 5057 2572 8725 8091 444 2121
484 4178 772 8082 2521 7445 5472 9345 1070 1727 5710 9197
485 1600 179 4683 6452 7265 2610 2977 9843 550 5962
486 2623 8817 7535 317 3891 3668 7784 7138 3582 979
487 1510 110 461 3091 315 7483 4484 2338 5965 9276 1780 6511 2136 9968
488 3352 5660 186 2085 586 3401 4581 4789 1427 1321 6847 8487 7652
489 4597 1187 9289 8401 3733 8942 8697 4194 9222 6216 6134 8406 7652 2
490 1456 5319 1702 1591 1700 627 4454 7774 5992 261 200 7254 427 321
491 5121 2582 1450 4014 5529 3279 7940 9687 3316 2013 4199
492 7600 3142 1170 5650 4934 4582 3361 9951 4398 5030 8185 3936 5715
493 6665 8101 7132 3955 7915 1403 6929 9560 7684
494 6675 7811 2955 8417 5598 1991 8540 3585 4593 9333 7039 450 5715
495 5606 9079 5667 3960 2284 1520 5892 3745 3261 3103 9545 2
496 9078 682 4357 103 1291 8149 1152 3378 6672 321
497 4846 8288 5629 8590 4318 3471 1011 8787 1401 6692 321
498 8915 8801 5665 7931 2457 2593 808 4310 8345
499 8617 4902 7152 6708 918 5320 4061 9464 8431 8491
